Determining if the pthread_create exist failed with the following output:
Change Dir: /home/student/catkin_ws/src/rc_rsd/build-RC_Grasp-Desktop-Default/CMakeFiles/CMakeTmp

Run Build Command:/usr/bin/make "cmTryCompileExec303753773/fast"
/usr/bin/make -f CMakeFiles/cmTryCompileExec303753773.dir/build.make CMakeFiles/cmTryCompileExec303753773.dir/build
make[1]: Entering directory `/home/student/catkin_ws/src/rc_rsd/build-RC_Grasp-Desktop-Default/CMakeFiles/CMakeTmp'
/usr/bin/cmake -E cmake_progress_report /home/student/catkin_ws/src/rc_rsd/build-RC_Grasp-Desktop-Default/CMakeFiles/CMakeTmp/CMakeFiles 1
Building C object CMakeFiles/cmTryCompileExec303753773.dir/CheckSymbolExists.c.o
/usr/bin/cc    -o CMakeFiles/cmTryCompileExec303753773.dir/CheckSymbolExists.c.o   -c /home/student/catkin_ws/src/rc_rsd/build-RC_Grasp-Desktop-Default/CMakeFiles/CMakeTmp/CheckSymbolExists.c
Linking C executable cmTryCompileExec303753773
/usr/bin/cmake -E cmake_link_script CMakeFiles/cmTryCompileExec303753773.dir/link.txt --verbose=1
/usr/bin/cc       CMakeFiles/cmTryCompileExec303753773.dir/CheckSymbolExists.c.o  -o cmTryCompileExec303753773 -rdynamic 
CMakeFiles/cmTryCompileExec303753773.dir/CheckSymbolExists.c.o: In function `main':
CheckSymbolExists.c:(.text+0x16): undefined reference to `pthread_create'
collect2: error: ld returned 1 exit status
make[1]: *** [cmTryCompileExec303753773] Error 1
make[1]: Leaving directory `/home/student/catkin_ws/src/rc_rsd/build-RC_Grasp-Desktop-Default/CMakeFiles/CMakeTmp'
make: *** [cmTryCompileExec303753773/fast] Error 2

File /home/student/catkin_ws/src/rc_rsd/build-RC_Grasp-Desktop-Default/CMakeFiles/CMakeTmp/CheckSymbolExists.c:
/* */
#include <pthread.h>

int main(int argc, char** argv)
{
  (void)argv;
#ifndef pthread_create
  return ((int*)(&pthread_create))[argc];
#else
  (void)argc;
  return 0;
#endif
}

Determining if the function pthread_create exists in the pthreads failed with the following output:
Change Dir: /home/student/catkin_ws/src/rc_rsd/build-RC_Grasp-Desktop-Default/CMakeFiles/CMakeTmp

Run Build Command:/usr/bin/make "cmTryCompileExec2448768647/fast"
/usr/bin/make -f CMakeFiles/cmTryCompileExec2448768647.dir/build.make CMakeFiles/cmTryCompileExec2448768647.dir/build
make[1]: Entering directory `/home/student/catkin_ws/src/rc_rsd/build-RC_Grasp-Desktop-Default/CMakeFiles/CMakeTmp'
/usr/bin/cmake -E cmake_progress_report /home/student/catkin_ws/src/rc_rsd/build-RC_Grasp-Desktop-Default/CMakeFiles/CMakeTmp/CMakeFiles 1
Building C object CMakeFiles/cmTryCompileExec2448768647.dir/CheckFunctionExists.c.o
/usr/bin/cc   -DCHECK_FUNCTION_EXISTS=pthread_create   -o CMakeFiles/cmTryCompileExec2448768647.dir/CheckFunctionExists.c.o   -c /usr/share/cmake-2.8/Modules/CheckFunctionExists.c
Linking C executable cmTryCompileExec2448768647
/usr/bin/cmake -E cmake_link_script CMakeFiles/cmTryCompileExec2448768647.dir/link.txt --verbose=1
/usr/bin/cc   -DCHECK_FUNCTION_EXISTS=pthread_create    CMakeFiles/cmTryCompileExec2448768647.dir/CheckFunctionExists.c.o  -o cmTryCompileExec2448768647 -rdynamic -lpthreads 
/usr/bin/ld: cannot find -lpthreads
collect2: error: ld returned 1 exit status
make[1]: Leaving directory `/home/student/catkin_ws/src/rc_rsd/build-RC_Grasp-Desktop-Default/CMakeFiles/CMakeTmp'
make[1]: *** [cmTryCompileExec2448768647] Error 1
make: *** [cmTryCompileExec2448768647/fast] Error 2


